<?xml version="1.0" encoding="UTF-8"?>
<!-- Generated by org.testng.reporters.JUnitXMLReporter -->
<testsuite ignored="0" hostname="BG4NB0898" failures="0" tests="3" name="Default test" time="2.155" errors="0" timestamp="2023-04-19T17:14:04 IST">
  <testcase classname="apiRestJavaProject.NewDynamic" name="Addbook" time="1.767"/>
  <testcase classname="apiRestJavaProject.NewDynamic" name="Addbook" time="0.171"/>
  <testcase classname="apiRestJavaProject.NewDynamic" name="Addbook" time="0.149"/>
</testsuite> <!-- Default test -->
