<?xml version="1.0" encoding="UTF-8"?>
<!-- Generated by org.testng.reporters.JUnitXMLReporter -->
<testsuite ignored="0" hostname="BG4NB0898" failures="0" tests="3" name="Default test" time="0.054" errors="0" timestamp="2023-06-01T10:17:53 IST">
  <testcase classname="testda.checkAnnotatation" name="Aest" time="0.006"/>
  <testcase classname="testda.checkAnnotatation" name="Test2" time="0.001"/>
  <testcase classname="testda.checkAnnotatation" name="Test1" time="0.001"/>
</testsuite> <!-- Default test -->
