<?xml version="1.0" encoding="UTF-8"?>
<testng-results ignored="0" total="3" passed="3" failed="0" skipped="0">
  <reporter-output>
  </reporter-output>
  <suite started-at="2023-04-19T17:14:02 IST" name="Default suite" finished-at="2023-04-19T17:14:04 IST" duration-ms="2155">
    <groups>
    </groups>
    <test started-at="2023-04-19T17:14:02 IST" name="Default test" finished-at="2023-04-19T17:14:04 IST" duration-ms="2155">
      <class name="apiRestJavaProject.NewDynamic">
        <test-method signature="Addbook(java.lang.String,java.lang.String)[pri:0, instance:apiRestJavaProject.NewDynamic@505fc5a4]" started-at="2023-04-19T17:14:02 IST" name="Addbook" data-provider="BookData" finished-at="2023-04-19T17:14:03 IST" duration-ms="1767" status="PASS">
          <params>
            <param index="0">
              <value>
                <![CDATA[nikita232]]>
              </value>
            </param>
            <param index="1">
              <value>
                <![CDATA[5400]]>
              </value>
            </param>
          </params>
          <reporter-output>
          </reporter-output>
        </test-method> <!-- Addbook -->
        <test-method signature="Addbook(java.lang.String,java.lang.String)[pri:0, instance:apiRestJavaProject.NewDynamic@505fc5a4]" started-at="2023-04-19T17:14:03 IST" name="Addbook" data-provider="BookData" finished-at="2023-04-19T17:14:04 IST" duration-ms="171" status="PASS">
          <params>
            <param index="0">
              <value>
                <![CDATA[Prasad23]]>
              </value>
            </param>
            <param index="1">
              <value>
                <![CDATA[5656]]>
              </value>
            </param>
          </params>
          <reporter-output>
          </reporter-output>
        </test-method> <!-- Addbook -->
        <test-method signature="Addbook(java.lang.String,java.lang.String)[pri:0, instance:apiRestJavaProject.NewDynamic@505fc5a4]" started-at="2023-04-19T17:14:04 IST" name="Addbook" data-provider="BookData" finished-at="2023-04-19T17:14:04 IST" duration-ms="149" status="PASS">
          <params>
            <param index="0">
              <value>
                <![CDATA[Rupali232]]>
              </value>
            </param>
            <param index="1">
              <value>
                <![CDATA[7171]]>
              </value>
            </param>
          </params>
          <reporter-output>
          </reporter-output>
        </test-method> <!-- Addbook -->
      </class> <!-- apiRestJavaProject.NewDynamic -->
    </test> <!-- Default test -->
  </suite> <!-- Default suite -->
</testng-results>
