<?xml version="1.0" encoding="UTF-8"?>
<testng-results ignored="0" total="1" passed="1" failed="0" skipped="0">
  <reporter-output>
  </reporter-output>
  <suite started-at="2023-02-14T06:28:24Z" name="Default suite" finished-at="2023-02-14T06:28:43Z" duration-ms="19147">
    <groups>
    </groups>
    <test started-at="2023-02-14T06:28:24Z" name="Default test" finished-at="2023-02-14T06:28:43Z" duration-ms="19147">
      <class name="Treeni.ExtendReports.Test1">
        <test-method is-config="true" signature="Configure()[pri:0, instance:Treeni.ExtendReports.Test1@7a362b6b]" started-at="2023-02-14T06:28:24Z" name="Configure" finished-at="2023-02-14T06:28:24Z" duration-ms="205" status="PASS">
          <reporter-output>
          </reporter-output>
        </test-method> <!-- Configure -->
        <test-method signature="initation()[pri:0, instance:Treeni.ExtendReports.Test1@7a362b6b]" started-at="2023-02-14T06:28:24Z" name="initation" finished-at="2023-02-14T06:28:43Z" duration-ms="18929" status="PASS">
          <reporter-output>
          </reporter-output>
        </test-method> <!-- initation -->
      </class> <!-- Treeni.ExtendReports.Test1 -->
    </test> <!-- Default test -->
  </suite> <!-- Default suite -->
</testng-results>
