<?xml version="1.0" encoding="UTF-8"?>
<!-- Generated by org.testng.reporters.JUnitXMLReporter -->
<testsuite ignored="0" hostname="BG4NB0898" failures="1" tests="4" name="Test" time="0.089" errors="0" timestamp="2023-01-25T12:12:41 IST">
  <testcase classname="newtest.test2data" name="testdata" time="0.013"/>
  <testcase classname="newtest.test1data" name="Bsuite" time="0.0">
    <failure type="org.testng.TestNGException" message="
Method public static void newtest.test1data.Bsuite(java.lang.String,java.lang.String) requires a @DataProvider named : getData">
      <![CDATA[org.testng.TestNGException: 
Method public static void newtest.test1data.Bsuite(java.lang.String,java.lang.String) requires a @DataProvider named : getData
at java.base/java.util.ArrayList.forEach(ArrayList.java:1511)
... Removed 24 stack frames]]>
    </failure>
  </testcase> <!-- Bsuite -->
  <testcase classname="newtest.test1data" name="testcases6" time="0.002"/>
  <testcase classname="newtest.test1data" name="testcases7" time="0.002"/>
</testsuite> <!-- Test -->
